<?xml version="1.0" encoding="UTF-8"?>
<!-- Generated by org.testng.reporters.JUnitReportReporter -->
<testsuite skipped="0" hostname="LAPTOP-LHPQTTM1" name="testCases_InheritanceForCon.DeleteLead" tests="1" failures="0" timestamp="16 Dec 2020 04:49:23 GMT" time="27.500" errors="0">
  <testcase name="deleteLead" time="27.500" classname="testCases_InheritanceForCon.DeleteLead"/>
</testsuite> <!-- testCases_InheritanceForCon.DeleteLead -->
