<?xml version="1.0" encoding="UTF-8"?>
<!-- Generated by org.testng.reporters.JUnitReportReporter -->
<testsuite skipped="0" hostname="LAPTOP-LHPQTTM1" name="testCases_InheritanceForCon.CreateLead" tests="1" failures="0" timestamp="20 Jan 2021 02:57:39 GMT" time="50.116" errors="0">
  <testcase name="createLead" time="50.116" classname="testCases_InheritanceForCon.CreateLead"/>
</testsuite> <!-- testCases_InheritanceForCon.CreateLead -->
