<?xml version="1.0" encoding="UTF-8"?>
<!-- Generated by org.testng.reporters.JUnitReportReporter -->
<testsuite skipped="0" hostname="LAPTOP-LHPQTTM1" name="parametersTestCases.CreateLead" tests="1" failures="0" timestamp="22 Dec 2020 05:10:10 GMT" time="37.288" errors="0">
  <testcase name="createLead" time="37.288" classname="parametersTestCases.CreateLead"/>
</testsuite> <!-- parametersTestCases.CreateLead -->
