<?xml version="1.0" encoding="UTF-8"?>
<!-- Generated by org.testng.reporters.JUnitReportReporter -->
<testsuite skipped="0" hostname="LAPTOP-LHPQTTM1" name="testCases_InheritanceForCon.EditLead" tests="1" failures="0" timestamp="16 Dec 2020 04:49:23 GMT" time="35.035" errors="0">
  <testcase name="editLead" time="35.035" classname="testCases_InheritanceForCon.EditLead"/>
</testsuite> <!-- testCases_InheritanceForCon.EditLead -->
