<?xml version="1.0" encoding="UTF-8"?>
<!-- Generated by org.testng.reporters.JUnitReportReporter -->
<testsuite skipped="0" hostname="LAPTOP-LHPQTTM1" name="learnTestNG.TestNgAnnotations" tests="1" failures="0" timestamp="13 Dec 2020 22:55:44 GMT" time="0.006" errors="0">
  <testcase name="test1" time="0.006" classname="learnTestNG.TestNgAnnotations"/>
</testsuite> <!-- learnTestNG.TestNgAnnotations -->
